<?xml version="1.0" encoding="UTF-8"?>
<testng-results ignored="0" total="1" passed="1" failed="0" skipped="0">
  <reporter-output>
  </reporter-output>
  <suite started-at="2021-11-21T12:47:43 IST" name="Default suite" finished-at="2021-11-21T12:47:44 IST" duration-ms="818">
    <groups>
    </groups>
    <test started-at="2021-11-21T12:47:43 IST" name="Default test" finished-at="2021-11-21T12:47:44 IST" duration-ms="818">
      <class name="test_package.LoginTest">
        <test-method is-config="true" signature="init()[pri:0, instance:test_package.LoginTest@1e178745]" started-at="2021-11-21T12:47:43 IST" name="init" finished-at="2021-11-21T12:47:43 IST" duration-ms="326" status="PASS">
          <reporter-output>
          </reporter-output>
        </test-method> <!-- init -->
        <test-method signature="loginTest()[pri:0, instance:test_package.LoginTest@1e178745]" started-at="2021-11-21T12:47:43 IST" name="loginTest" finished-at="2021-11-21T12:47:43 IST" duration-ms="13" status="PASS">
          <reporter-output>
          </reporter-output>
        </test-method> <!-- loginTest -->
        <test-method is-config="true" signature="tearDown()[pri:0, instance:test_package.LoginTest@1e178745]" started-at="2021-11-21T12:47:43 IST" name="tearDown" finished-at="2021-11-21T12:47:44 IST" duration-ms="432" status="PASS">
          <reporter-output>
          </reporter-output>
        </test-method> <!-- tearDown -->
      </class> <!-- test_package.LoginTest -->
    </test> <!-- Default test -->
  </suite> <!-- Default suite -->
</testng-results>
